0 info it worked if it ends with ok
1 verbose cli [ '/usr/local/bin/node',
1 verbose cli   '/usr/local/bin/npm',
1 verbose cli   'install',
1 verbose cli   '-g',
1 verbose cli   'git' ]
2 info using npm@2.15.9
3 info using node@v4.6.1
4 verbose install initial load of /usr/local/lib/package.json
5 verbose readDependencies loading dependencies from /usr/local/lib/package.json
6 silly cache add args [ 'git', null ]
7 verbose cache add spec git
8 silly cache add parsed spec Result {
8 silly cache add   raw: 'git',
8 silly cache add   scope: null,
8 silly cache add   name: 'git',
8 silly cache add   rawSpec: '',
8 silly cache add   spec: 'latest',
8 silly cache add   type: 'tag' }
9 silly addNamed git@latest
10 verbose addNamed "latest" is being treated as a dist-tag for git
11 info addNameTag [ 'git', 'latest' ]
12 silly mapToRegistry name git
13 silly mapToRegistry using default registry
14 silly mapToRegistry registry https://registry.npmjs.org/
15 silly mapToRegistry data Result {
15 silly mapToRegistry   raw: 'git',
15 silly mapToRegistry   scope: null,
15 silly mapToRegistry   name: 'git',
15 silly mapToRegistry   rawSpec: '',
15 silly mapToRegistry   spec: 'latest',
15 silly mapToRegistry   type: 'tag' }
16 silly mapToRegistry uri https://registry.npmjs.org/git
17 verbose addNameTag registry:https://registry.npmjs.org/git not in flight; fetching
18 verbose request uri https://registry.npmjs.org/git
19 verbose request no auth needed
20 info attempt registry request try #1 at 8:52:17 AM
21 verbose request id 3e742be00d6f5581
22 http request GET https://registry.npmjs.org/git
23 http 200 https://registry.npmjs.org/git
24 verbose headers { server: 'CouchDB/1.5.0 (Erlang OTP/R16B03)',
24 verbose headers   etag: '"9L8E6N9EJNV3RHTA49JNZT17Y"',
24 verbose headers   'content-type': 'application/json',
24 verbose headers   'content-encoding': 'gzip',
24 verbose headers   'cache-control': 'max-age=300',
24 verbose headers   'content-length': '2549',
24 verbose headers   'accept-ranges': 'bytes',
24 verbose headers   date: 'Thu, 20 Oct 2016 12:52:17 GMT',
24 verbose headers   via: '1.1 varnish',
24 verbose headers   age: '0',
24 verbose headers   connection: 'keep-alive',
24 verbose headers   'x-served-by': 'cache-mia1321-MIA',
24 verbose headers   'x-cache': 'MISS',
24 verbose headers   'x-cache-hits': '0',
24 verbose headers   'x-timer': 'S1476967937.374958,VS0,VE373',
24 verbose headers   vary: 'Accept-Encoding' }
25 silly get cb [ 200,
25 silly get   { server: 'CouchDB/1.5.0 (Erlang OTP/R16B03)',
25 silly get     etag: '"9L8E6N9EJNV3RHTA49JNZT17Y"',
25 silly get     'content-type': 'application/json',
25 silly get     'content-encoding': 'gzip',
25 silly get     'cache-control': 'max-age=300',
25 silly get     'content-length': '2549',
25 silly get     'accept-ranges': 'bytes',
25 silly get     date: 'Thu, 20 Oct 2016 12:52:17 GMT',
25 silly get     via: '1.1 varnish',
25 silly get     age: '0',
25 silly get     connection: 'keep-alive',
25 silly get     'x-served-by': 'cache-mia1321-MIA',
25 silly get     'x-cache': 'MISS',
25 silly get     'x-cache-hits': '0',
25 silly get     'x-timer': 'S1476967937.374958,VS0,VE373',
25 silly get     vary: 'Accept-Encoding' } ]
26 verbose get saving git to /Users/joseluiscolon/.npm/registry.npmjs.org/git/.cache.json
27 verbose correctMkdir /Users/joseluiscolon/.npm correctMkdir not in flight; initializing
28 silly addNameTag next cb for git with tag latest
29 silly addNamed git@0.1.5
30 verbose addNamed "0.1.5" is a plain semver version for git
31 silly mapToRegistry name git
32 silly mapToRegistry using default registry
33 silly mapToRegistry registry https://registry.npmjs.org/
34 silly mapToRegistry data Result {
34 silly mapToRegistry   raw: 'git',
34 silly mapToRegistry   scope: null,
34 silly mapToRegistry   name: 'git',
34 silly mapToRegistry   rawSpec: '',
34 silly mapToRegistry   spec: 'latest',
34 silly mapToRegistry   type: 'tag' }
35 silly mapToRegistry uri https://registry.npmjs.org/git
36 verbose addRemoteTarball https://registry.npmjs.org/git/-/git-0.1.5.tgz not in flight; adding
37 verbose addRemoteTarball [ 'https://registry.npmjs.org/git/-/git-0.1.5.tgz',
37 verbose addRemoteTarball   '9ef62df93f851c27542143bf52d1c68b1017ca15' ]
38 info retry fetch attempt 1 at 8:52:17 AM
39 info attempt registry request try #1 at 8:52:17 AM
40 http fetch GET https://registry.npmjs.org/git/-/git-0.1.5.tgz
41 http fetch 200 https://registry.npmjs.org/git/-/git-0.1.5.tgz
42 silly fetchAndShaCheck shasum 9ef62df93f851c27542143bf52d1c68b1017ca15
43 verbose addTmpTarball /var/folders/nm/x6nbxfnn1ls4q0t4mj_jvs2r0000gn/T/npm-15321-f35f91ab/registry.npmjs.org/git/-/git-0.1.5.tgz not in flight; adding
44 verbose addTmpTarball already have metadata; skipping unpack for git@0.1.5
45 verbose correctMkdir /Users/joseluiscolon/.npm correctMkdir not in flight; initializing
46 silly cache afterAdd git@0.1.5
47 verbose afterAdd /Users/joseluiscolon/.npm/git/0.1.5/package/package.json not in flight; writing
48 verbose correctMkdir /Users/joseluiscolon/.npm correctMkdir not in flight; initializing
49 verbose afterAdd /Users/joseluiscolon/.npm/git/0.1.5/package/package.json written
50 silly install resolved [ { name: 'git',
50 silly install resolved     description: 'A node.js library for git',
50 silly install resolved     version: '0.1.5',
50 silly install resolved     author: { name: 'Christian Amor Kvalheim', email: 'christkv@gmail.com' },
50 silly install resolved     contributors: [ [Object] ],
50 silly install resolved     repository: { type: 'git', url: 'git@github.com:christkv/node-git.git' },
50 silly install resolved     bugs: { url: 'http://groups.google.com/group/nodegit' },
50 silly install resolved     main: './lib/git/index',
50 silly install resolved     directories: { lib: './lib/git' },
50 silly install resolved     engines: { node: '>=0.4.0' },
50 silly install resolved     dependencies: { mime: '1.2.9' },
50 silly install resolved     devDependencies: { nodeunit: '>=0.5.1' },
50 silly install resolved     licenses: [ [Object] ],
50 silly install resolved     scripts: { test: './node_modules/.bin/nodeunit test' },
50 silly install resolved     readme: '[![build status](https://secure.travis-ci.org/christkv/node-git.png)](http://travis-ci.org/christkv/node-git)\n\n# Introduction\n\nThis is a library for Git written in Node.js. It\'s as close a port of grit http://github.com/mojombo/grit.\n\nThe idea is to allow for manipulation of git repositories by the node.js application. Not everything is\nimplemented directly in node-git. Some of the stuff is using the native git command line instead of\ndirect javascript code. Also it\'s fairly synchronous right now but that will hopefully change a little\nby little over time as it gets more stable and I start using it in real life scenarios.\n\n## Github information\n\nThe source code is available at http://github.com/christkv/node-git.\nYou can either clone the repository or download a tarball of the latest release.\n\nOnce you have the source you can test the driver by running\n\n\t$ make test\n\nOn windows:\n\n\tPS > node.exe .\\node_modules\\nodeunit\\bin\\nodeunit .\\test\n\t\n## Examples\n\nFor simple examples of usage look at the tests included in the repository.\n\n## Notes\n\nThe current version is basic git support, don\'t expect everything to work as you expect it\noff the bat.\n\n## License\n\n\tCopyright 2009 - 2010 Christian Amor Kvalheim.\n\n\t  Licensed under the Apache License, Version 2.0 (the "License");\n\t  you may not use this file except in compliance with the License.\n\t  You may obtain a copy of the License at\n\n\t      http://www.apache.org/licenses/LICENSE-2.0\n\n\t  Unless required by applicable law or agreed to in writing, software\n\t  distributed under the License is distributed on an "AS IS" BASIS,\n\t  WITHOUT WARRANTIES OR CONDITIONS OF ANY KIND, either express or implied.\n\t  See the License for the specific language governing permissions and\n\t  limitations under the License.\n',
50 silly install resolved     readmeFilename: 'README.md',
50 silly install resolved     _id: 'git@0.1.5',
50 silly install resolved     dist:
50 silly install resolved      { shasum: '9ef62df93f851c27542143bf52d1c68b1017ca15',
50 silly install resolved        tarball: 'https://registry.npmjs.org/git/-/git-0.1.5.tgz' },
50 silly install resolved     _from: 'git@latest',
50 silly install resolved     _npmVersion: '1.2.23',
50 silly install resolved     _npmUser: { name: 'christkv', email: 'christkv@gmail.com' },
50 silly install resolved     maintainers: [ [Object] ],
50 silly install resolved     _shasum: '9ef62df93f851c27542143bf52d1c68b1017ca15',
50 silly install resolved     _resolved: 'https://registry.npmjs.org/git/-/git-0.1.5.tgz' } ]
51 info install git@0.1.5 into /usr/local/lib
52 info installOne git@0.1.5
53 verbose installOne of git to /usr/local/lib not in flight; installing
54 verbose correctMkdir /Users/joseluiscolon/.npm/_locks correctMkdir not in flight; initializing
55 verbose lock using /Users/joseluiscolon/.npm/_locks/git-e31bd4a75b82f32e.lock for /usr/local/lib/node_modules/git
56 silly install write writing git 0.1.5 to /usr/local/lib/node_modules/git
57 verbose unbuild lib/node_modules/git
58 silly gentlyRm /usr/local/lib/node_modules/git is being purged from base /usr/local
59 verbose gentlyRm don't care about contents; nuking /usr/local/lib/node_modules/git
60 verbose tar unpack /Users/joseluiscolon/.npm/git/0.1.5/package.tgz
61 verbose tar unpacking to /usr/local/lib/node_modules/git
62 silly gentlyRm /usr/local/lib/node_modules/git is being purged
63 verbose gentlyRm don't care about contents; nuking /usr/local/lib/node_modules/git
64 silly gunzTarPerm modes [ '755', '644' ]
65 error tar.unpack untar error /Users/joseluiscolon/.npm/git/0.1.5/package.tgz
66 verbose unlock done using /Users/joseluiscolon/.npm/_locks/git-e31bd4a75b82f32e.lock for /usr/local/lib/node_modules/git
67 verbose fstream_path /usr/local/lib/node_modules/git
68 verbose fstream_type Directory
69 verbose fstream_class DirWriter
70 verbose stack Error: EACCES: permission denied, mkdir '/usr/local/lib/node_modules/git'
70 verbose stack     at Error (native)
71 verbose fstream_stack /usr/local/lib/node_modules/npm/node_modules/fstream/lib/dir-writer.js:35:25
71 verbose fstream_stack /usr/local/lib/node_modules/npm/node_modules/mkdirp/index.js:47:53
71 verbose fstream_stack FSReqWrap.oncomplete (fs.js:82:15)
72 verbose cwd /Users/joseluiscolon/Desktop/jlc apps/yourAppName
73 error Darwin 16.0.0
74 error argv "/usr/local/bin/node" "/usr/local/bin/npm" "install" "-g" "git"
75 error node v4.6.1
76 error npm  v2.15.9
77 error path /usr/local/lib/node_modules/git
78 error code EACCES
79 error errno -13
80 error syscall mkdir
81 error Error: EACCES: permission denied, mkdir '/usr/local/lib/node_modules/git'
81 error     at Error (native)
81 error  { [Error: EACCES: permission denied, mkdir '/usr/local/lib/node_modules/git']
81 error   errno: -13,
81 error   code: 'EACCES',
81 error   syscall: 'mkdir',
81 error   path: '/usr/local/lib/node_modules/git',
81 error   fstream_type: 'Directory',
81 error   fstream_path: '/usr/local/lib/node_modules/git',
81 error   fstream_class: 'DirWriter',
81 error   fstream_stack:
81 error    [ '/usr/local/lib/node_modules/npm/node_modules/fstream/lib/dir-writer.js:35:25',
81 error      '/usr/local/lib/node_modules/npm/node_modules/mkdirp/index.js:47:53',
81 error      'FSReqWrap.oncomplete (fs.js:82:15)' ] }
82 error Please try running this command again as root/Administrator.
83 verbose exit [ -13, true ]
84 verbose unbuild lib/node_modules/git
85 silly gentlyRm /usr/local/lib/node_modules/git is being purged from base /usr/local
86 verbose gentlyRm don't care about contents; nuking /usr/local/lib/node_modules/git
